mode: set
expense-management-system/internal/application/usecase/category_usecase.go:19.128,24.2 1 0
expense-management-system/internal/application/usecase/category_usecase.go:27.127,30.43 2 0
expense-management-system/internal/application/usecase/category_usecase.go:30.43,32.3 1 0
expense-management-system/internal/application/usecase/category_usecase.go:35.2,36.16 2 0
expense-management-system/internal/application/usecase/category_usecase.go:36.16,38.3 1 0
expense-management-system/internal/application/usecase/category_usecase.go:41.2,41.60 1 0
expense-management-system/internal/application/usecase/category_usecase.go:41.60,43.3 1 0
expense-management-system/internal/application/usecase/category_usecase.go:45.2,52.8 1 0
expense-management-system/internal/application/usecase/category_usecase.go:56.111,58.16 2 0
expense-management-system/internal/application/usecase/category_usecase.go:58.16,60.3 1 0
expense-management-system/internal/application/usecase/category_usecase.go:62.2,63.16 2 0
expense-management-system/internal/application/usecase/category_usecase.go:63.16,65.3 1 0
expense-management-system/internal/application/usecase/category_usecase.go:67.2,74.8 1 0
expense-management-system/internal/application/usecase/category_usecase.go:78.146,80.16 2 0
expense-management-system/internal/application/usecase/category_usecase.go:80.16,82.3 1 0
expense-management-system/internal/application/usecase/category_usecase.go:84.2,85.16 2 0
expense-management-system/internal/application/usecase/category_usecase.go:85.16,87.3 1 0
expense-management-system/internal/application/usecase/category_usecase.go:90.2,90.33 1 0
expense-management-system/internal/application/usecase/category_usecase.go:90.33,92.92 2 0
expense-management-system/internal/application/usecase/category_usecase.go:92.92,94.4 1 0
expense-management-system/internal/application/usecase/category_usecase.go:98.2,98.78 1 0
expense-management-system/internal/application/usecase/category_usecase.go:98.78,100.3 1 0
expense-management-system/internal/application/usecase/category_usecase.go:103.2,103.62 1 0
expense-management-system/internal/application/usecase/category_usecase.go:103.62,105.3 1 0
expense-management-system/internal/application/usecase/category_usecase.go:107.2,114.8 1 0
expense-management-system/internal/application/usecase/category_usecase.go:118.89,120.16 2 0
expense-management-system/internal/application/usecase/category_usecase.go:120.16,122.3 1 0
expense-management-system/internal/application/usecase/category_usecase.go:124.2,125.16 2 0
expense-management-system/internal/application/usecase/category_usecase.go:125.16,127.3 1 0
expense-management-system/internal/application/usecase/category_usecase.go:129.2,129.13 1 0
expense-management-system/internal/application/usecase/category_usecase.go:129.13,131.3 1 0
expense-management-system/internal/application/usecase/category_usecase.go:134.2,135.16 2 0
expense-management-system/internal/application/usecase/category_usecase.go:135.16,137.3 1 0
expense-management-system/internal/application/usecase/category_usecase.go:139.2,139.23 1 0
expense-management-system/internal/application/usecase/category_usecase.go:139.23,141.3 1 0
expense-management-system/internal/application/usecase/category_usecase.go:143.2,143.56 1 0
expense-management-system/internal/application/usecase/category_usecase.go:143.56,145.3 1 0
expense-management-system/internal/application/usecase/category_usecase.go:147.2,147.12 1 0
expense-management-system/internal/application/usecase/category_usecase.go:151.99,153.16 2 0
expense-management-system/internal/application/usecase/category_usecase.go:153.16,155.3 1 0
expense-management-system/internal/application/usecase/category_usecase.go:157.2,158.38 2 0
expense-management-system/internal/application/usecase/category_usecase.go:158.38,167.3 1 0
expense-management-system/internal/application/usecase/category_usecase.go:169.2,169.23 1 0
expense-management-system/internal/application/usecase/expense_usecase.go:24.19,30.2 1 1
expense-management-system/internal/application/usecase/expense_usecase.go:33.138,36.16 2 1
expense-management-system/internal/application/usecase/expense_usecase.go:36.16,38.3 1 1
expense-management-system/internal/application/usecase/expense_usecase.go:41.2,42.16 2 1
expense-management-system/internal/application/usecase/expense_usecase.go:42.16,44.3 1 0
expense-management-system/internal/application/usecase/expense_usecase.go:47.2,48.16 2 1
expense-management-system/internal/application/usecase/expense_usecase.go:48.16,50.3 1 1
expense-management-system/internal/application/usecase/expense_usecase.go:53.2,54.16 2 1
expense-management-system/internal/application/usecase/expense_usecase.go:54.16,56.3 1 0
expense-management-system/internal/application/usecase/expense_usecase.go:59.2,60.20 2 1
expense-management-system/internal/application/usecase/expense_usecase.go:60.20,62.3 1 0
expense-management-system/internal/application/usecase/expense_usecase.go:63.2,64.16 2 1
expense-management-system/internal/application/usecase/expense_usecase.go:64.16,66.3 1 1
expense-management-system/internal/application/usecase/expense_usecase.go:69.2,70.16 2 1
expense-management-system/internal/application/usecase/expense_usecase.go:70.16,72.3 1 1
expense-management-system/internal/application/usecase/expense_usecase.go:75.2,75.58 1 1
expense-management-system/internal/application/usecase/expense_usecase.go:75.58,77.3 1 0
expense-management-system/internal/application/usecase/expense_usecase.go:79.2,79.62 1 1
expense-management-system/internal/application/usecase/expense_usecase.go:83.107,85.16 2 0
expense-management-system/internal/application/usecase/expense_usecase.go:85.16,87.3 1 0
expense-management-system/internal/application/usecase/expense_usecase.go:89.2,90.16 2 0
expense-management-system/internal/application/usecase/expense_usecase.go:90.16,92.3 1 0
expense-management-system/internal/application/usecase/expense_usecase.go:95.2,96.16 2 0
expense-management-system/internal/application/usecase/expense_usecase.go:96.16,98.3 1 0
expense-management-system/internal/application/usecase/expense_usecase.go:100.2,101.16 2 0
expense-management-system/internal/application/usecase/expense_usecase.go:101.16,103.3 1 0
expense-management-system/internal/application/usecase/expense_usecase.go:105.2,105.62 1 0
expense-management-system/internal/application/usecase/expense_usecase.go:109.141,111.16 2 0
expense-management-system/internal/application/usecase/expense_usecase.go:111.16,113.3 1 0
expense-management-system/internal/application/usecase/expense_usecase.go:115.2,116.16 2 0
expense-management-system/internal/application/usecase/expense_usecase.go:116.16,118.3 1 0
expense-management-system/internal/application/usecase/expense_usecase.go:121.2,122.16 2 0
expense-management-system/internal/application/usecase/expense_usecase.go:122.16,124.3 1 0
expense-management-system/internal/application/usecase/expense_usecase.go:127.2,128.16 2 0
expense-management-system/internal/application/usecase/expense_usecase.go:128.16,130.3 1 0
expense-management-system/internal/application/usecase/expense_usecase.go:133.2,134.20 2 0
expense-management-system/internal/application/usecase/expense_usecase.go:134.20,136.3 1 0
expense-management-system/internal/application/usecase/expense_usecase.go:137.2,138.16 2 0
expense-management-system/internal/application/usecase/expense_usecase.go:138.16,140.3 1 0
expense-management-system/internal/application/usecase/expense_usecase.go:143.2,143.97 1 0
expense-management-system/internal/application/usecase/expense_usecase.go:143.97,145.3 1 0
expense-management-system/internal/application/usecase/expense_usecase.go:148.2,148.60 1 0
expense-management-system/internal/application/usecase/expense_usecase.go:148.60,150.3 1 0
expense-management-system/internal/application/usecase/expense_usecase.go:153.2,154.16 2 0
expense-management-system/internal/application/usecase/expense_usecase.go:154.16,156.3 1 0
expense-management-system/internal/application/usecase/expense_usecase.go:158.2,158.62 1 0
expense-management-system/internal/application/usecase/expense_usecase.go:162.86,164.16 2 0
expense-management-system/internal/application/usecase/expense_usecase.go:164.16,166.3 1 0
expense-management-system/internal/application/usecase/expense_usecase.go:168.2,169.16 2 0
expense-management-system/internal/application/usecase/expense_usecase.go:169.16,171.3 1 0
expense-management-system/internal/application/usecase/expense_usecase.go:173.2,173.13 1 0
expense-management-system/internal/application/usecase/expense_usecase.go:173.13,175.3 1 0
expense-management-system/internal/application/usecase/expense_usecase.go:177.2,177.55 1 0
expense-management-system/internal/application/usecase/expense_usecase.go:177.55,179.3 1 0
expense-management-system/internal/application/usecase/expense_usecase.go:181.2,181.12 1 0
expense-management-system/internal/application/usecase/expense_usecase.go:185.113,187.16 2 1
expense-management-system/internal/application/usecase/expense_usecase.go:187.16,189.3 1 1
expense-management-system/internal/application/usecase/expense_usecase.go:192.2,193.16 2 1
expense-management-system/internal/application/usecase/expense_usecase.go:193.16,195.3 1 0
expense-management-system/internal/application/usecase/expense_usecase.go:197.2,198.16 2 1
expense-management-system/internal/application/usecase/expense_usecase.go:198.16,200.3 1 0
expense-management-system/internal/application/usecase/expense_usecase.go:202.2,202.57 1 1
expense-management-system/internal/application/usecase/expense_usecase.go:206.137,208.16 2 0
expense-management-system/internal/application/usecase/expense_usecase.go:208.16,210.3 1 0
expense-management-system/internal/application/usecase/expense_usecase.go:213.2,214.16 2 0
expense-management-system/internal/application/usecase/expense_usecase.go:214.16,216.3 1 0
expense-management-system/internal/application/usecase/expense_usecase.go:219.2,220.23 2 0
expense-management-system/internal/application/usecase/expense_usecase.go:221.124,221.124 0 0
expense-management-system/internal/application/usecase/expense_usecase.go:223.10,224.100 1 0
expense-management-system/internal/application/usecase/expense_usecase.go:227.2,228.16 2 0
expense-management-system/internal/application/usecase/expense_usecase.go:228.16,230.3 1 0
expense-management-system/internal/application/usecase/expense_usecase.go:232.2,232.57 1 0
expense-management-system/internal/application/usecase/expense_usecase.go:236.110,238.2 1 1
expense-management-system/internal/application/usecase/expense_usecase.go:241.111,243.2 1 1
expense-management-system/internal/application/usecase/expense_usecase.go:246.110,248.2 1 0
expense-management-system/internal/application/usecase/expense_usecase.go:251.131,253.16 2 1
expense-management-system/internal/application/usecase/expense_usecase.go:253.16,255.3 1 1
expense-management-system/internal/application/usecase/expense_usecase.go:257.2,258.16 2 1
expense-management-system/internal/application/usecase/expense_usecase.go:258.16,260.3 1 0
expense-management-system/internal/application/usecase/expense_usecase.go:263.2,263.16 1 1
expense-management-system/internal/application/usecase/expense_usecase.go:264.16,265.42 1 1
expense-management-system/internal/application/usecase/expense_usecase.go:265.42,267.4 1 0
expense-management-system/internal/application/usecase/expense_usecase.go:268.17,269.43 1 1
expense-management-system/internal/application/usecase/expense_usecase.go:269.43,271.4 1 0
expense-management-system/internal/application/usecase/expense_usecase.go:272.16,273.42 1 0
expense-management-system/internal/application/usecase/expense_usecase.go:273.42,275.4 1 0
expense-management-system/internal/application/usecase/expense_usecase.go:276.10,277.100 1 0
expense-management-system/internal/application/usecase/expense_usecase.go:281.2,281.60 1 1
expense-management-system/internal/application/usecase/expense_usecase.go:281.60,283.3 1 0
expense-management-system/internal/application/usecase/expense_usecase.go:286.2,287.16 2 1
expense-management-system/internal/application/usecase/expense_usecase.go:287.16,289.3 1 0
expense-management-system/internal/application/usecase/expense_usecase.go:291.2,292.16 2 1
expense-management-system/internal/application/usecase/expense_usecase.go:292.16,294.3 1 0
expense-management-system/internal/application/usecase/expense_usecase.go:296.2,296.62 1 1
expense-management-system/internal/application/usecase/expense_usecase.go:300.140,322.2 1 1
expense-management-system/internal/application/usecase/expense_usecase.go:325.152,328.35 2 1
expense-management-system/internal/application/usecase/expense_usecase.go:328.35,331.17 2 1
expense-management-system/internal/application/usecase/expense_usecase.go:331.17,333.4 1 0
expense-management-system/internal/application/usecase/expense_usecase.go:335.3,335.66 1 1
expense-management-system/internal/application/usecase/expense_usecase.go:338.2,338.23 1 1
expense-management-system/internal/application/usecase/user_usecase.go:18.70,22.2 1 0
expense-management-system/internal/application/usecase/user_usecase.go:25.111,28.39 2 0
expense-management-system/internal/application/usecase/user_usecase.go:28.39,30.3 1 0
expense-management-system/internal/application/usecase/user_usecase.go:33.2,34.16 2 0
expense-management-system/internal/application/usecase/user_usecase.go:34.16,36.3 1 0
expense-management-system/internal/application/usecase/user_usecase.go:39.2,39.52 1 0
expense-management-system/internal/application/usecase/user_usecase.go:39.52,41.3 1 0
expense-management-system/internal/application/usecase/user_usecase.go:43.2,49.8 1 0
expense-management-system/internal/application/usecase/user_usecase.go:53.95,55.16 2 0
expense-management-system/internal/application/usecase/user_usecase.go:55.16,57.3 1 0
expense-management-system/internal/application/usecase/user_usecase.go:59.2,60.16 2 0
expense-management-system/internal/application/usecase/user_usecase.go:60.16,62.3 1 0
expense-management-system/internal/application/usecase/user_usecase.go:64.2,70.8 1 0
expense-management-system/internal/application/usecase/user_usecase.go:74.126,76.16 2 0
expense-management-system/internal/application/usecase/user_usecase.go:76.16,78.3 1 0
expense-management-system/internal/application/usecase/user_usecase.go:80.2,81.16 2 0
expense-management-system/internal/application/usecase/user_usecase.go:81.16,83.3 1 0
expense-management-system/internal/application/usecase/user_usecase.go:86.2,86.31 1 0
expense-management-system/internal/application/usecase/user_usecase.go:86.31,88.80 2 0
expense-management-system/internal/application/usecase/user_usecase.go:88.80,90.4 1 0
expense-management-system/internal/application/usecase/user_usecase.go:94.2,94.64 1 0
expense-management-system/internal/application/usecase/user_usecase.go:94.64,96.3 1 0
expense-management-system/internal/application/usecase/user_usecase.go:99.2,99.54 1 0
expense-management-system/internal/application/usecase/user_usecase.go:99.54,101.3 1 0
expense-management-system/internal/application/usecase/user_usecase.go:103.2,109.8 1 0
expense-management-system/internal/application/usecase/user_usecase.go:113.77,115.16 2 0
expense-management-system/internal/application/usecase/user_usecase.go:115.16,117.3 1 0
expense-management-system/internal/application/usecase/user_usecase.go:119.2,120.16 2 0
expense-management-system/internal/application/usecase/user_usecase.go:120.16,122.3 1 0
expense-management-system/internal/application/usecase/user_usecase.go:124.2,124.13 1 0
expense-management-system/internal/application/usecase/user_usecase.go:124.13,126.3 1 0
expense-management-system/internal/application/usecase/user_usecase.go:128.2,128.52 1 0
expense-management-system/internal/application/usecase/user_usecase.go:128.52,130.3 1 0
expense-management-system/internal/application/usecase/user_usecase.go:132.2,132.12 1 0
expense-management-system/internal/application/usecase/user_usecase.go:136.86,138.16 2 0
expense-management-system/internal/application/usecase/user_usecase.go:138.16,140.3 1 0
expense-management-system/internal/application/usecase/user_usecase.go:142.2,143.29 2 0
expense-management-system/internal/application/usecase/user_usecase.go:143.29,151.3 1 0
expense-management-system/internal/application/usecase/user_usecase.go:153.2,153.23 1 0
expense-management-system/internal/domain/entity/category.go:21.70,22.51 1 0
expense-management-system/internal/domain/entity/category.go:22.51,24.3 1 0
expense-management-system/internal/domain/entity/category.go:26.2,26.65 1 0
expense-management-system/internal/domain/entity/category.go:26.65,28.3 1 0
expense-management-system/internal/domain/entity/category.go:30.2,30.53 1 0
expense-management-system/internal/domain/entity/category.go:30.53,32.3 1 0
expense-management-system/internal/domain/entity/category.go:34.2,42.8 2 0
expense-management-system/internal/domain/entity/category.go:46.138,47.15 1 0
expense-management-system/internal/domain/entity/category.go:47.15,49.3 1 0
expense-management-system/internal/domain/entity/category.go:51.2,51.51 1 0
expense-management-system/internal/domain/entity/category.go:51.51,53.3 1 0
expense-management-system/internal/domain/entity/category.go:55.2,55.65 1 0
expense-management-system/internal/domain/entity/category.go:55.65,57.3 1 0
expense-management-system/internal/domain/entity/category.go:59.2,59.53 1 0
expense-management-system/internal/domain/entity/category.go:59.53,61.3 1 0
expense-management-system/internal/domain/entity/category.go:63.2,70.8 1 0
expense-management-system/internal/domain/entity/category.go:74.49,76.2 1 0
expense-management-system/internal/domain/entity/category.go:79.34,81.2 1 0
expense-management-system/internal/domain/entity/category.go:84.41,86.2 1 0
expense-management-system/internal/domain/entity/category.go:89.35,91.2 1 0
expense-management-system/internal/domain/entity/category.go:94.42,96.2 1 0
expense-management-system/internal/domain/entity/category.go:99.42,101.2 1 0
expense-management-system/internal/domain/entity/category.go:104.66,105.51 1 0
expense-management-system/internal/domain/entity/category.go:105.51,107.3 1 0
expense-management-system/internal/domain/entity/category.go:109.2,109.65 1 0
expense-management-system/internal/domain/entity/category.go:109.65,111.3 1 0
expense-management-system/internal/domain/entity/category.go:113.2,113.53 1 0
expense-management-system/internal/domain/entity/category.go:113.53,115.3 1 0
expense-management-system/internal/domain/entity/category.go:117.2,122.12 5 0
expense-management-system/internal/domain/entity/category.go:126.46,128.16 2 0
expense-management-system/internal/domain/entity/category.go:128.16,130.3 1 0
expense-management-system/internal/domain/entity/category.go:132.2,132.20 1 0
expense-management-system/internal/domain/entity/category.go:132.20,134.3 1 0
expense-management-system/internal/domain/entity/category.go:136.2,136.12 1 0
expense-management-system/internal/domain/entity/category.go:140.60,141.28 1 0
expense-management-system/internal/domain/entity/category.go:141.28,143.3 1 0
expense-management-system/internal/domain/entity/category.go:145.2,145.12 1 0
expense-management-system/internal/domain/entity/category.go:149.48,151.17 2 0
expense-management-system/internal/domain/entity/category.go:151.17,153.3 1 0
expense-management-system/internal/domain/entity/category.go:156.2,156.40 1 0
expense-management-system/internal/domain/entity/category.go:156.40,157.31 1 0
expense-management-system/internal/domain/entity/category.go:157.31,158.85 1 0
expense-management-system/internal/domain/entity/category.go:158.85,160.5 1 0
expense-management-system/internal/domain/entity/category.go:162.3,162.13 1 0
expense-management-system/internal/domain/entity/category.go:165.2,165.144 1 0
expense-management-system/internal/domain/entity/expense.go:35.169,36.19 1 1
expense-management-system/internal/domain/entity/expense.go:36.19,38.3 1 1
expense-management-system/internal/domain/entity/expense.go:40.2,40.23 1 1
expense-management-system/internal/domain/entity/expense.go:40.23,42.3 1 1
expense-management-system/internal/domain/entity/expense.go:44.2,44.19 1 1
expense-management-system/internal/domain/entity/expense.go:44.19,46.3 1 1
expense-management-system/internal/domain/entity/expense.go:48.2,48.52 1 1
expense-management-system/internal/domain/entity/expense.go:48.52,50.3 1 1
expense-management-system/internal/domain/entity/expense.go:52.2,52.64 1 1
expense-management-system/internal/domain/entity/expense.go:52.64,54.3 1 0
expense-management-system/internal/domain/entity/expense.go:56.2,56.50 1 1
expense-management-system/internal/domain/entity/expense.go:56.50,58.3 1 1
expense-management-system/internal/domain/entity/expense.go:60.2,72.8 2 1
expense-management-system/internal/domain/entity/expense.go:85.21,86.15 1 0
expense-management-system/internal/domain/entity/expense.go:86.15,88.3 1 0
expense-management-system/internal/domain/entity/expense.go:90.2,90.19 1 0
expense-management-system/internal/domain/entity/expense.go:90.19,92.3 1 0
expense-management-system/internal/domain/entity/expense.go:94.2,94.23 1 0
expense-management-system/internal/domain/entity/expense.go:94.23,96.3 1 0
expense-management-system/internal/domain/entity/expense.go:98.2,98.19 1 0
expense-management-system/internal/domain/entity/expense.go:98.19,100.3 1 0
expense-management-system/internal/domain/entity/expense.go:102.2,102.52 1 0
expense-management-system/internal/domain/entity/expense.go:102.52,104.3 1 0
expense-management-system/internal/domain/entity/expense.go:106.2,106.64 1 0
expense-management-system/internal/domain/entity/expense.go:106.64,108.3 1 0
expense-management-system/internal/domain/entity/expense.go:110.2,110.50 1 0
expense-management-system/internal/domain/entity/expense.go:110.50,112.3 1 0
expense-management-system/internal/domain/entity/expense.go:114.2,114.28 1 0
expense-management-system/internal/domain/entity/expense.go:114.28,116.3 1 0
expense-management-system/internal/domain/entity/expense.go:118.2,129.8 1 0
expense-management-system/internal/domain/entity/expense.go:133.47,135.2 1 0
expense-management-system/internal/domain/entity/expense.go:138.48,140.2 1 0
expense-management-system/internal/domain/entity/expense.go:143.56,145.2 1 1
expense-management-system/internal/domain/entity/expense.go:148.47,150.2 1 1
expense-management-system/internal/domain/entity/expense.go:153.34,155.2 1 1
expense-management-system/internal/domain/entity/expense.go:158.40,160.2 1 1
expense-management-system/internal/domain/entity/expense.go:163.36,165.2 1 1
expense-management-system/internal/domain/entity/expense.go:168.42,170.2 1 1
expense-management-system/internal/domain/entity/expense.go:173.41,175.2 1 0
expense-management-system/internal/domain/entity/expense.go:178.41,180.2 1 0
expense-management-system/internal/domain/entity/expense.go:183.145,185.36 1 1
expense-management-system/internal/domain/entity/expense.go:185.36,187.3 1 1
expense-management-system/internal/domain/entity/expense.go:189.2,189.23 1 1
expense-management-system/internal/domain/entity/expense.go:189.23,191.3 1 0
expense-management-system/internal/domain/entity/expense.go:193.2,193.19 1 1
expense-management-system/internal/domain/entity/expense.go:193.19,195.3 1 0
expense-management-system/internal/domain/entity/expense.go:197.2,197.52 1 1
expense-management-system/internal/domain/entity/expense.go:197.52,199.3 1 0
expense-management-system/internal/domain/entity/expense.go:201.2,201.64 1 1
expense-management-system/internal/domain/entity/expense.go:201.64,203.3 1 0
expense-management-system/internal/domain/entity/expense.go:205.2,205.50 1 1
expense-management-system/internal/domain/entity/expense.go:205.50,207.3 1 0
expense-management-system/internal/domain/entity/expense.go:209.2,216.12 7 1
expense-management-system/internal/domain/entity/expense.go:220.34,221.36 1 1
expense-management-system/internal/domain/entity/expense.go:221.36,223.3 1 1
expense-management-system/internal/domain/entity/expense.go:225.2,228.12 3 1
expense-management-system/internal/domain/entity/expense.go:232.35,233.40 1 1
expense-management-system/internal/domain/entity/expense.go:233.40,235.3 1 1
expense-management-system/internal/domain/entity/expense.go:237.2,240.12 3 1
expense-management-system/internal/domain/entity/expense.go:244.34,245.40 1 1
expense-management-system/internal/domain/entity/expense.go:245.40,247.3 1 1
expense-management-system/internal/domain/entity/expense.go:249.2,252.12 3 1
expense-management-system/internal/domain/entity/expense.go:256.34,258.2 1 1
expense-management-system/internal/domain/entity/expense.go:261.36,263.2 1 1
expense-management-system/internal/domain/entity/expense.go:266.47,268.17 2 1
expense-management-system/internal/domain/entity/expense.go:268.17,270.3 1 1
expense-management-system/internal/domain/entity/expense.go:272.2,272.22 1 1
expense-management-system/internal/domain/entity/expense.go:272.22,274.3 1 0
expense-management-system/internal/domain/entity/expense.go:276.2,276.12 1 1
expense-management-system/internal/domain/entity/expense.go:280.59,281.28 1 1
expense-management-system/internal/domain/entity/expense.go:281.28,283.3 1 0
expense-management-system/internal/domain/entity/expense.go:285.2,285.12 1 1
expense-management-system/internal/domain/entity/expense.go:289.48,290.19 1 1
expense-management-system/internal/domain/entity/expense.go:290.19,292.3 1 1
expense-management-system/internal/domain/entity/expense.go:295.2,296.94 2 1
expense-management-system/internal/domain/entity/expense.go:296.94,298.3 1 1
expense-management-system/internal/domain/entity/expense.go:301.2,301.47 1 1
expense-management-system/internal/domain/entity/expense.go:301.47,303.3 1 1
expense-management-system/internal/domain/entity/expense.go:305.2,305.12 1 1
expense-management-system/internal/domain/entity/expense.go:309.47,310.16 1 0
expense-management-system/internal/domain/entity/expense.go:311.96,312.14 1 0
expense-management-system/internal/domain/entity/expense.go:313.10,314.15 1 0
expense-management-system/internal/domain/entity/user.go:20.49,21.47 1 0
expense-management-system/internal/domain/entity/user.go:21.47,23.3 1 0
expense-management-system/internal/domain/entity/user.go:25.2,25.49 1 0
expense-management-system/internal/domain/entity/user.go:25.49,27.3 1 0
expense-management-system/internal/domain/entity/user.go:29.2,36.8 2 0
expense-management-system/internal/domain/entity/user.go:40.113,41.15 1 0
expense-management-system/internal/domain/entity/user.go:41.15,43.3 1 0
expense-management-system/internal/domain/entity/user.go:45.2,45.47 1 0
expense-management-system/internal/domain/entity/user.go:45.47,47.3 1 0
expense-management-system/internal/domain/entity/user.go:49.2,49.49 1 0
expense-management-system/internal/domain/entity/user.go:49.49,51.3 1 0
expense-management-system/internal/domain/entity/user.go:53.2,59.8 1 0
expense-management-system/internal/domain/entity/user.go:63.41,65.2 1 0
expense-management-system/internal/domain/entity/user.go:68.30,70.2 1 0
expense-management-system/internal/domain/entity/user.go:73.31,75.2 1 0
expense-management-system/internal/domain/entity/user.go:78.38,80.2 1 0
expense-management-system/internal/domain/entity/user.go:83.38,85.2 1 0
expense-management-system/internal/domain/entity/user.go:88.56,89.47 1 0
expense-management-system/internal/domain/entity/user.go:89.47,91.3 1 0
expense-management-system/internal/domain/entity/user.go:93.2,93.49 1 0
expense-management-system/internal/domain/entity/user.go:93.49,95.3 1 0
expense-management-system/internal/domain/entity/user.go:97.2,101.12 4 0
expense-management-system/internal/domain/entity/user.go:105.42,107.16 2 0
expense-management-system/internal/domain/entity/user.go:107.16,109.3 1 0
expense-management-system/internal/domain/entity/user.go:111.2,111.21 1 0
expense-management-system/internal/domain/entity/user.go:111.21,113.3 1 0
expense-management-system/internal/domain/entity/user.go:115.2,115.12 1 0
expense-management-system/internal/domain/entity/user.go:119.44,121.17 2 0
expense-management-system/internal/domain/entity/user.go:121.17,123.3 1 0
expense-management-system/internal/domain/entity/user.go:126.2,126.53 1 0
expense-management-system/internal/domain/entity/user.go:126.53,128.3 1 0
expense-management-system/internal/domain/entity/user.go:130.2,130.22 1 0
expense-management-system/internal/domain/entity/user.go:130.22,132.3 1 0
expense-management-system/internal/domain/entity/user.go:134.2,134.12 1 0
expense-management-system/internal/domain/valueobject/category_id.go:16.55,17.36 1 0
expense-management-system/internal/domain/valueobject/category_id.go:17.36,19.3 1 0
expense-management-system/internal/domain/valueobject/category_id.go:22.2,22.45 1 0
expense-management-system/internal/domain/valueobject/category_id.go:22.45,24.3 1 0
expense-management-system/internal/domain/valueobject/category_id.go:26.2,26.39 1 0
expense-management-system/internal/domain/valueobject/category_id.go:30.39,32.2 1 0
expense-management-system/internal/domain/valueobject/category_id.go:35.37,37.2 1 0
expense-management-system/internal/domain/valueobject/category_id.go:40.53,41.18 1 0
expense-management-system/internal/domain/valueobject/category_id.go:41.18,43.3 1 0
expense-management-system/internal/domain/valueobject/category_id.go:44.2,44.31 1 0
expense-management-system/internal/domain/valueobject/category_id.go:48.38,50.2 1 0
expense-management-system/internal/domain/valueobject/expense_id.go:16.53,17.36 1 0
expense-management-system/internal/domain/valueobject/expense_id.go:17.36,19.3 1 0
expense-management-system/internal/domain/valueobject/expense_id.go:22.2,22.45 1 0
expense-management-system/internal/domain/valueobject/expense_id.go:22.45,24.3 1 0
expense-management-system/internal/domain/valueobject/expense_id.go:26.2,26.38 1 0
expense-management-system/internal/domain/valueobject/expense_id.go:30.37,32.2 1 0
expense-management-system/internal/domain/valueobject/expense_id.go:35.36,37.2 1 0
expense-management-system/internal/domain/valueobject/expense_id.go:40.51,41.18 1 0
expense-management-system/internal/domain/valueobject/expense_id.go:41.18,43.3 1 0
expense-management-system/internal/domain/valueobject/expense_id.go:44.2,44.31 1 0
expense-management-system/internal/domain/valueobject/expense_id.go:48.37,50.2 1 0
expense-management-system/internal/domain/valueobject/money.go:15.64,16.16 1 1
expense-management-system/internal/domain/valueobject/money.go:16.16,18.3 1 1
expense-management-system/internal/domain/valueobject/money.go:20.2,20.34 1 1
expense-management-system/internal/domain/valueobject/money.go:20.34,22.3 1 1
expense-management-system/internal/domain/valueobject/money.go:24.2,24.20 1 1
expense-management-system/internal/domain/valueobject/money.go:24.20,26.3 1 1
expense-management-system/internal/domain/valueobject/money.go:29.2,34.8 2 1
expense-management-system/internal/domain/valueobject/money.go:38.34,40.2 1 1
expense-management-system/internal/domain/valueobject/money.go:43.35,45.2 1 1
expense-management-system/internal/domain/valueobject/money.go:48.51,49.34 1 1
expense-management-system/internal/domain/valueobject/money.go:49.34,51.3 1 1
expense-management-system/internal/domain/valueobject/money.go:53.2,53.52 1 1
expense-management-system/internal/domain/valueobject/money.go:57.56,58.34 1 1
expense-management-system/internal/domain/valueobject/money.go:58.34,60.3 1 1
expense-management-system/internal/domain/valueobject/money.go:62.2,62.52 1 1
expense-management-system/internal/domain/valueobject/money.go:66.62,68.2 1 1
expense-management-system/internal/domain/valueobject/money.go:71.43,72.18 1 1
expense-management-system/internal/domain/valueobject/money.go:72.18,74.3 1 1
expense-management-system/internal/domain/valueobject/money.go:75.2,75.65 1 1
expense-management-system/internal/domain/valueobject/money.go:79.50,80.34 1 1
expense-management-system/internal/domain/valueobject/money.go:80.34,82.3 1 1
expense-management-system/internal/domain/valueobject/money.go:83.2,83.32 1 1
expense-management-system/internal/domain/valueobject/money.go:87.47,88.34 1 1
expense-management-system/internal/domain/valueobject/money.go:88.34,90.3 1 1
expense-management-system/internal/domain/valueobject/money.go:91.2,91.32 1 1
expense-management-system/internal/domain/valueobject/user_id.go:16.47,17.36 1 0
expense-management-system/internal/domain/valueobject/user_id.go:17.36,19.3 1 0
expense-management-system/internal/domain/valueobject/user_id.go:22.2,22.45 1 0
expense-management-system/internal/domain/valueobject/user_id.go:22.45,24.3 1 0
expense-management-system/internal/domain/valueobject/user_id.go:26.2,26.35 1 0
expense-management-system/internal/domain/valueobject/user_id.go:30.31,32.2 1 0
expense-management-system/internal/domain/valueobject/user_id.go:35.33,37.2 1 0
expense-management-system/internal/domain/valueobject/user_id.go:40.45,41.18 1 0
expense-management-system/internal/domain/valueobject/user_id.go:41.18,43.3 1 0
expense-management-system/internal/domain/valueobject/user_id.go:44.2,44.31 1 0
expense-management-system/internal/domain/valueobject/user_id.go:48.34,50.2 1 0
